0 info it worked if it ends with ok
1 verbose cli [ '/home/liam/.nvm/versions/node/v4.5.0/bin/node',
1 verbose cli   '/home/liam/.nvm/versions/node/v4.5.0/bin/npm',
1 verbose cli   'start' ]
2 info using npm@2.15.9
3 info using node@v4.5.0
4 verbose run-script [ 'prestart', 'start', 'poststart' ]
5 info prestart Car-Lease-Demo@0.7.3
6 info start Car-Lease-Demo@0.7.3
7 verbose unsafe-perm in lifecycle true
8 info Car-Lease-Demo@0.7.3 Failed to exec start script
9 verbose stack Error: Car-Lease-Demo@0.7.3 start: `node app.js`
9 verbose stack Exit status 1
9 verbose stack     at EventEmitter.<anonymous> (/home/liam/.nvm/versions/node/v4.5.0/lib/node_modules/npm/lib/utils/lifecycle.js:217:16)
9 verbose stack     at emitTwo (events.js:87:13)
9 verbose stack     at EventEmitter.emit (events.js:172:7)
9 verbose stack     at ChildProcess.<anonymous> (/home/liam/.nvm/versions/node/v4.5.0/lib/node_modules/npm/lib/utils/spawn.js:24:14)
9 verbose stack     at emitTwo (events.js:87:13)
9 verbose stack     at ChildProcess.emit (events.js:172:7)
9 verbose stack     at maybeClose (internal/child_process.js:829:16)
9 verbose stack     at Process.ChildProcess._handle.onexit (internal/child_process.js:211:5)
10 verbose pkgid Car-Lease-Demo@0.7.3
11 verbose cwd /home/liam/2016-Blockchain/Demos/car-lease-demo
12 error Linux 4.4.24-1-MANJARO
13 error argv "/home/liam/.nvm/versions/node/v4.5.0/bin/node" "/home/liam/.nvm/versions/node/v4.5.0/bin/npm" "start"
14 error node v4.5.0
15 error npm  v2.15.9
16 error code ELIFECYCLE
17 error Car-Lease-Demo@0.7.3 start: `node app.js`
17 error Exit status 1
18 error Failed at the Car-Lease-Demo@0.7.3 start script 'node app.js'.
18 error This is most likely a problem with the Car-Lease-Demo package,
18 error not with npm itself.
18 error Tell the author that this fails on your system:
18 error     node app.js
18 error You can get information on how to open an issue for this project with:
18 error     npm bugs Car-Lease-Demo
18 error Or if that isn't available, you can get their info via:
18 error
18 error     npm owner ls Car-Lease-Demo
18 error There is likely additional logging output above.
19 verbose exit [ 1, true ]
