04/08/2016 16:11:28	ENTER	Startup	INPUT: {}
	04/08/2016 16:11:28	INFO	Startup	Locating initial participants
	04/08/2016 16:11:29	INFO	Startup	Attempting to register user "DVLA_5" with CA
	04/08/2016 16:11:30	INFO	Startup	Attempting to register user "DVLA_5" with CA again
	04/08/2016 16:11:32	INFO	Startup	Attempting to register user "DVLA_5" with CA
	04/08/2016 16:11:32	INFO	Startup	Attempting to register user "DVLA_5" with CA again
	04/08/2016 16:11:34	INFO	Startup	Attempting to register user "DVLA_5" with CA
	04/08/2016 16:11:35	INFO	Startup	Attempting to register user "DVLA_5" with CA again
04/08/2016 16:12:50	ENTER	Startup	INPUT: {}
	04/08/2016 16:12:50	INFO	Startup	Locating initial participants
	04/08/2016 16:12:51	INFO	Startup	Attempting to register user "DVLA_5" with CA
	04/08/2016 16:12:52	INFO	Startup	Attempting to register user "DVLA_5" with CA again
	04/08/2016 16:12:54	INFO	Startup	Attempting to register user "DVLA_5" with CA
	04/08/2016 16:12:54	INFO	Startup	Attempting to register user "DVLA_5" with CA again
	04/08/2016 16:12:56	INFO	Startup	Attempting to register user "DVLA_5" with CA
	04/08/2016 16:12:57	INFO	Startup	Attempting to register user "DVLA_5" with CA again
	04/08/2016 16:12:59	INFO	Startup	Attempting to register user "DVLA_5" with CA
	04/08/2016 16:12:59	INFO	Startup	Attempting to register user "DVLA_5" with CA again
04/08/2016 16:14:31	ENTER	Startup	INPUT: {}
	04/08/2016 16:14:31	INFO	Startup	Locating initial participants
	04/08/2016 16:14:32	INFO	Startup	Created and registered user:Alfa_Romeo_5
	04/08/2016 16:14:34	INFO	Startup	Created and registered user:Toyota_5
	04/08/2016 16:14:37	INFO	Startup	Created and registered user:Jaguar_Land_Rover_5
	04/08/2016 16:14:39	INFO	Startup	Created and registered user:Beechvale_Group_5
	04/08/2016 16:14:41	INFO	Startup	Created and registered user:Milescape_5
	04/08/2016 16:14:44	INFO	Startup	Created and registered user:Viewers_Alfa_Romeo_5
	04/08/2016 16:14:46	INFO	Startup	Created and registered user:LeaseCan_5
	04/08/2016 16:14:49	INFO	Startup	Created and registered user:Every_Car_Leasing_5
	04/08/2016 16:14:51	INFO	Startup	Created and registered user:Regionwide_Vehicle_Contracts_5
	04/08/2016 16:14:53	INFO	Startup	Created and registered user:Joe_Payne_5
	04/08/2016 16:14:56	INFO	Startup	Created and registered user:Andrew_Hurt_5
	04/08/2016 16:14:59	INFO	Startup	Created and registered user:Anthony_O_Dowd_5
	04/08/2016 16:15:01	INFO	Startup	Created and registered user:Cray_Bros_London_Ltd_5
	04/08/2016 16:15:03	INFO	Startup	Created and registered user:Aston_Scrap_Centre_5
	04/08/2016 16:15:06	INFO	Startup	Created and registered user:ScrapIt_UK_5
	04/08/2016 16:15:08	INFO	Startup	Created and registered user:DVLA_5
	04/08/2016 16:15:08	INFO	Startup	Deploying vehicle chaincode
	04/08/2016 16:15:09	ERROR	Startup	OUTPUT: {"message":"Error deploying vehicle chaincode","body":{"jsonrpc":"2.0","error":{"code":-32001,"message":"Deployment failure","data":"Error when deploying chaincode: Path to chaincode does not exist: github.com/hyperledger/fabric/vehicle_code"},"id":12},"error":true}
04/08/2016 16:15:45	ENTER	Startup	INPUT: {}
	04/08/2016 16:15:45	INFO	Startup	Locating initial participants
	04/08/2016 16:15:46	INFO	Startup	Created and registered user:Alfa_Romeo_5
	04/08/2016 16:15:48	INFO	Startup	Created and registered user:Toyota_5
	04/08/2016 16:15:51	INFO	Startup	Created and registered user:Jaguar_Land_Rover_5
	04/08/2016 16:15:53	INFO	Startup	Created and registered user:Beechvale_Group_5
	04/08/2016 16:15:55	INFO	Startup	Created and registered user:Milescape_5
	04/08/2016 16:15:58	INFO	Startup	Created and registered user:Viewers_Alfa_Romeo_5
	04/08/2016 16:16:00	INFO	Startup	Created and registered user:LeaseCan_5
	04/08/2016 16:16:03	INFO	Startup	Created and registered user:Every_Car_Leasing_5
	04/08/2016 16:16:05	INFO	Startup	Created and registered user:Regionwide_Vehicle_Contracts_5
	04/08/2016 16:16:07	INFO	Startup	Created and registered user:Joe_Payne_5
	04/08/2016 16:16:10	INFO	Startup	Created and registered user:Andrew_Hurt_5
	04/08/2016 16:16:12	INFO	Startup	Created and registered user:Anthony_O_Dowd_5
	04/08/2016 16:16:15	INFO	Startup	Created and registered user:Cray_Bros_London_Ltd_5
	04/08/2016 16:16:17	INFO	Startup	Created and registered user:Aston_Scrap_Centre_5
	04/08/2016 16:16:19	INFO	Startup	Created and registered user:ScrapIt_UK_5
	04/08/2016 16:16:22	INFO	Startup	Created and registered user:DVLA_5
	04/08/2016 16:16:22	INFO	Startup	Deploying vehicle chaincode
	04/08/2016 16:16:28	INFO	Startup	Updating config file
	04/08/2016 16:16:30	INFO	Startup	Vehicle chaincode deployed
04/08/2016 16:17:13	ENTER	GET blockchain/blocks	INPUT: {}
04/08/2016 16:17:13	EXIT	GET blockchain/blocks	OUTPUT: {"height":10,"currentBlockHash":"JXSXxWG+cbvT+oB/VuNJ0YCGUIdEcN9vbGNP9WBslGq8stNBc1w4ISO4bOKw91zW9YmUkciwvABSPsbhQzSBCg=="}
04/08/2016 16:17:17	ENTER	GET blockchain/blocks	INPUT: {}
04/08/2016 16:17:18	EXIT	GET blockchain/blocks	OUTPUT: {"height":10,"currentBlockHash":"JXSXxWG+cbvT+oB/VuNJ0YCGUIdEcN9vbGNP9WBslGq8stNBc1w4ISO4bOKw91zW9YmUkciwvABSPsbhQzSBCg=="}
04/08/2016 16:17:19	ENTER	GET blockchain/blocks	INPUT: {}
04/08/2016 16:17:19	EXIT	GET blockchain/blocks	OUTPUT: {"height":10,"currentBlockHash":"JXSXxWG+cbvT+oB/VuNJ0YCGUIdEcN9vbGNP9WBslGq8stNBc1w4ISO4bOKw91zW9YmUkciwvABSPsbhQzSBCg=="}
04/08/2016 16:17:21	ENTER	GET blockchain/blocks	INPUT: {}
04/08/2016 16:17:21	EXIT	GET blockchain/blocks	OUTPUT: {"height":10,"currentBlockHash":"JXSXxWG+cbvT+oB/VuNJ0YCGUIdEcN9vbGNP9WBslGq8stNBc1w4ISO4bOKw91zW9YmUkciwvABSPsbhQzSBCg=="}
04/08/2016 16:17:24	ENTER	GET blockchain/blocks	INPUT: {}
04/08/2016 16:17:24	EXIT	GET blockchain/blocks	OUTPUT: {"height":10,"currentBlockHash":"JXSXxWG+cbvT+oB/VuNJ0YCGUIdEcN9vbGNP9WBslGq8stNBc1w4ISO4bOKw91zW9YmUkciwvABSPsbhQzSBCg=="}
04/08/2016 16:17:33	ENTER	GET blockchain/blocks	INPUT: {}
04/08/2016 16:17:34	EXIT	GET blockchain/blocks	OUTPUT: {"height":10,"currentBlockHash":"JXSXxWG+cbvT+oB/VuNJ0YCGUIdEcN9vbGNP9WBslGq8stNBc1w4ISO4bOKw91zW9YmUkciwvABSPsbhQzSBCg=="}
04/08/2016 16:17:39	ENTER	GET blockchain/blocks	INPUT: {}
04/08/2016 16:17:40	EXIT	GET blockchain/blocks	OUTPUT: {"height":10,"currentBlockHash":"JXSXxWG+cbvT+oB/VuNJ0YCGUIdEcN9vbGNP9WBslGq8stNBc1w4ISO4bOKw91zW9YmUkciwvABSPsbhQzSBCg=="}
04/08/2016 16:17:46	ENTER	GET blockchain/blocks	INPUT: {}
04/08/2016 16:17:47	EXIT	GET blockchain/blocks	OUTPUT: {"height":10,"currentBlockHash":"JXSXxWG+cbvT+oB/VuNJ0YCGUIdEcN9vbGNP9WBslGq8stNBc1w4ISO4bOKw91zW9YmUkciwvABSPsbhQzSBCg=="}
04/08/2016 16:17:54	ENTER	GET blockchain/blocks	INPUT: {}
04/08/2016 16:17:54	EXIT	GET blockchain/blocks	OUTPUT: {"height":10,"currentBlockHash":"JXSXxWG+cbvT+oB/VuNJ0YCGUIdEcN9vbGNP9WBslGq8stNBc1w4ISO4bOKw91zW9YmUkciwvABSPsbhQzSBCg=="}
04/08/2016 16:17:55	ENTER	GET blockchain/blocks	INPUT: {}
04/08/2016 16:17:55	EXIT	GET blockchain/blocks	OUTPUT: {"height":10,"currentBlockHash":"JXSXxWG+cbvT+oB/VuNJ0YCGUIdEcN9vbGNP9WBslGq8stNBc1w4ISO4bOKw91zW9YmUkciwvABSPsbhQzSBCg=="}
04/08/2016 16:17:57	ENTER	GET blockchain/blocks	INPUT: {}
04/08/2016 16:17:57	EXIT	GET blockchain/blocks	OUTPUT: {"height":10,"currentBlockHash":"JXSXxWG+cbvT+oB/VuNJ0YCGUIdEcN9vbGNP9WBslGq8stNBc1w4ISO4bOKw91zW9YmUkciwvABSPsbhQzSBCg=="}
04/08/2016 16:17:59	ENTER	GET blockchain/blocks	INPUT: {}
04/08/2016 16:17:59	EXIT	GET blockchain/blocks	OUTPUT: {"height":10,"currentBlockHash":"JXSXxWG+cbvT+oB/VuNJ0YCGUIdEcN9vbGNP9WBslGq8stNBc1w4ISO4bOKw91zW9YmUkciwvABSPsbhQzSBCg=="}
04/08/2016 16:18:01	ENTER	GET blockchain/blocks	INPUT: {}
04/08/2016 16:18:01	EXIT	GET blockchain/blocks	OUTPUT: {"height":10,"currentBlockHash":"JXSXxWG+cbvT+oB/VuNJ0YCGUIdEcN9vbGNP9WBslGq8stNBc1w4ISO4bOKw91zW9YmUkciwvABSPsbhQzSBCg=="}
04/08/2016 16:18:03	ENTER	GET blockchain/blocks	INPUT: {}
04/08/2016 16:18:04	EXIT	GET blockchain/blocks	OUTPUT: {"height":10,"currentBlockHash":"JXSXxWG+cbvT+oB/VuNJ0YCGUIdEcN9vbGNP9WBslGq8stNBc1w4ISO4bOKw91zW9YmUkciwvABSPsbhQzSBCg=="}
04/08/2016 16:18:09	ENTER	GET blockchain/blocks	INPUT: {}
04/08/2016 16:18:09	EXIT	GET blockchain/blocks	OUTPUT: {"height":10,"currentBlockHash":"JXSXxWG+cbvT+oB/VuNJ0YCGUIdEcN9vbGNP9WBslGq8stNBc1w4ISO4bOKw91zW9YmUkciwvABSPsbhQzSBCg=="}
04/08/2016 16:18:37	ENTER	GET blockchain/blocks	INPUT: {}
04/08/2016 16:18:37	EXIT	GET blockchain/blocks	OUTPUT: {"height":11,"currentBlockHash":"rnHMxGCSzQGG1MHO76XTgQYun4RwCenWiOZ2D8OvNiJu1Qjo+FI2yPyccGwU/hTDshg+2FBhy6h24HIvH4Bj5g=="}
04/08/2016 16:18:40	ENTER	POST admin/identity	INPUT: {"participantType":"regulators","account":"DVLA"}
	04/08/2016 16:18:40	INFO	POST admin/identity	Calling /registrar endpoint
04/08/2016 16:18:41	EXIT	POST admin/identity	OUTPUT: {"message":"Successfully logged user in"}
04/08/2016 16:18:41	ENTER	GET blockchain/participants/regulators	INPUT: {}
04/08/2016 16:18:41	EXIT	GET blockchain/participants/regulators	OUTPUT: {"result":[{"name":"DVLA","identity":"DVLA_5","password":"gyJHChXtheNy","address_line_1":"The Richard Ley Development Centre","address_line":"Swansea Vale","address_line_5":"Swansea","postcode":"SA7 0AN"}]}
04/08/2016 16:18:43	ENTER	POST admin/identity	INPUT: {"participantType":"regulators","account":"DVLA"}
	04/08/2016 16:18:43	INFO	POST admin/identity	Calling /registrar endpoint
04/08/2016 16:18:43	EXIT	POST admin/identity	OUTPUT: {"message":"Successfully logged user in"}
04/08/2016 16:18:43	ENTER	POST blockchain/assets/vehicles	INPUT: {}
	04/08/2016 16:18:43	INFO	POST blockchain/assets/vehicles	Generated V5cID: VB3096232
	04/08/2016 16:18:43	INFO	POST blockchain/assets/vehicles	Checking V5cID is unique
	04/08/2016 16:18:47	INFO	POST blockchain/assets/vehicles	Generated V5cID: IR0375309
	04/08/2016 16:18:47	INFO	POST blockchain/assets/vehicles	Checking V5cID is unique
	04/08/2016 16:18:50	INFO	POST blockchain/assets/vehicles	Generated V5cID: WK4328227
	04/08/2016 16:18:50	INFO	POST blockchain/assets/vehicles	Checking V5cID is unique
